The system is: Windows - 10.0.19043 - AMD64
Compiling the CXX compiler identification source file "CMakeCXXCompilerId.cpp" succeeded.
Compiler: C:/Program Files (x86)/Microsoft Visual Studio/2019/Community/VC/Tools/MSVC/14.27.29110/bin/HostX64/x64/cl.exe 
Build flags: 
Id flags:  

The output was:
0
Оптимизирующий компилятор Microsoft (R) C/C++ версии 19.27.29112 для x64
(C) Корпорация Майкрософт (Microsoft Corporation).  Все права защищены.

CMakeCXXCompilerId.cpp
Microsoft (R) Incremental Linker Version 14.27.29112.0
Copyright (C) Microsoft Corporation.  All rights reserved.

/out:CMakeCXXCompilerId.exe 
CMakeCXXCompilerId.obj 


Compilation of the CXX compiler identification source "CMakeCXXCompilerId.cpp" produced "CMakeCXXCompilerId.exe"

Compilation of the CXX compiler identification source "CMakeCXXCompilerId.cpp" produced "CMakeCXXCompilerId.obj"

The CXX compiler identification is MSVC, found in "C:/qml_practice/build-practice-Desktop_x86_windows_msvc2019_pe_64bit-Debug/CMakeFiles/3.21.1/CompilerIdCXX/CMakeCXXCompilerId.exe"

Detecting CXX compiler ABI info compiled with the following output:
Change Dir: C:/qml_practice/build-practice-Desktop_x86_windows_msvc2019_pe_64bit-Debug/CMakeFiles/CMakeTmp

Run Build Command(s):C:/PROGRA~2/MICROS~1/2019/COMMUN~1/Common7/IDE/COMMON~1/MICROS~1/CMake/Ninja/ninja.exe cmTC_98fcd && [1/2] Building CXX object CMakeFiles\cmTC_98fcd.dir\CMakeCXXCompilerABI.cpp.obj
Примечание: включение файла:  C:\Qt\Tools\CMake_64\share\cmake-3.21\Modules\CMakeCompilerABI.h
[2/2] Linking CXX executable cmTC_98fcd.exe



Performing C++ SOURCE FILE Test HAVE_STDATOMIC succeeded with the following output:
Change Dir: C:/qml_practice/build-practice-Desktop_x86_windows_msvc2019_pe_64bit-Debug/CMakeFiles/CMakeTmp

Run Build Command(s):C:/PROGRA~2/MICROS~1/2019/COMMUN~1/Common7/IDE/COMMON~1/MICROS~1/CMake/Ninja/ninja.exe cmTC_7880c && [1/2] Building CXX object CMakeFiles\cmTC_7880c.dir\src.cxx.obj
Примечание: включение файла:  C:\Program Files (x86)\Microsoft Visual Studio\2019\Community\VC\Tools\MSVC\14.27.29110\include\atomic
Примечание: включение файла:   C:\Program Files (x86)\Microsoft Visual Studio\2019\Community\VC\Tools\MSVC\14.27.29110\include\yvals.h
Примечание: включение файла:    C:\Program Files (x86)\Microsoft Visual Studio\2019\Community\VC\Tools\MSVC\14.27.29110\include\yvals_core.h
Примечание: включение файла:     C:\Program Files (x86)\Microsoft Visual Studio\2019\Community\VC\Tools\MSVC\14.27.29110\include\vcruntime.h
Примечание: включение файла:      C:\Program Files (x86)\Microsoft Visual Studio\2019\Community\VC\Tools\MSVC\14.27.29110\include\sal.h
Примечание: включение файла:       C:\Program Files (x86)\Microsoft Visual Studio\2019\Community\VC\Tools\MSVC\14.27.29110\include\concurrencysal.h
Примечание: включение файла:      C:\Program Files (x86)\Microsoft Visual Studio\2019\Community\VC\Tools\MSVC\14.27.29110\include\vadefs.h
Примечание: включение файла:     C:\Program Files (x86)\Microsoft Visual Studio\2019\Community\VC\Tools\MSVC\14.27.29110\include\xkeycheck.h
Примечание: включение файла:    C:\Program Files (x86)\Windows Kits\10\include\10.0.18362.0\ucrt\crtdbg.h
Примечание: включение файла:     C:\Program Files (x86)\Windows Kits\10\include\10.0.18362.0\ucrt\corecrt.h
Примечание: включение файла:     C:\Program Files (x86)\Microsoft Visual Studio\2019\Community\VC\Tools\MSVC\14.27.29110\include\vcruntime_new_debug.h
Примечание: включение файла:      C:\Program Files (x86)\Microsoft Visual Studio\2019\Community\VC\Tools\MSVC\14.27.29110\include\vcruntime_new.h
Примечание: включение файла:    C:\Program Files (x86)\Microsoft Visual Studio\2019\Community\VC\Tools\MSVC\14.27.29110\include\crtdefs.h
Примечание: включение файла:    C:\Program Files (x86)\Microsoft Visual Studio\2019\Community\VC\Tools\MSVC\14.27.29110\include\use_ansi.h
Примечание: включение файла:   C:\Program Files (x86)\Windows Kits\10\include\10.0.18362.0\ucrt\stddef.h
Примечание: включение файла:   C:\Program Files (x86)\Microsoft Visual Studio\2019\Community\VC\Tools\MSVC\14.27.29110\include\stdint.h
Примечание: включение файла:   C:\Program Files (x86)\Windows Kits\10\include\10.0.18362.0\ucrt\string.h
Примечание: включение файла:    C:\Program Files (x86)\Windows Kits\10\include\10.0.18362.0\ucrt\corecrt_memory.h
Примечание: включение файла:     C:\Program Files (x86)\Windows Kits\10\include\10.0.18362.0\ucrt\corecrt_memcpy_s.h
Примечание: включение файла:      C:\Program Files (x86)\Windows Kits\10\include\10.0.18362.0\ucrt\errno.h
Примечание: включение файла:      C:\Program Files (x86)\Microsoft Visual Studio\2019\Community\VC\Tools\MSVC\14.27.29110\include\vcruntime_string.h
Примечание: включение файла:    C:\Program Files (x86)\Windows Kits\10\include\10.0.18362.0\ucrt\corecrt_wstring.h
Примечание: включение файла:   C:\Program Files (x86)\Microsoft Visual Studio\2019\Community\VC\Tools\MSVC\14.27.29110\include\xatomic.h
Примечание: включение файла:    C:\Program Files (x86)\Microsoft Visual Studio\2019\Community\VC\Tools\MSVC\14.27.29110\include\intrin0.h
Примечание: включение файла:    C:\Program Files (x86)\Microsoft Visual Studio\2019\Community\VC\Tools\MSVC\14.27.29110\include\type_traits
Примечание: включение файла:     C:\Program Files (x86)\Microsoft Visual Studio\2019\Community\VC\Tools\MSVC\14.27.29110\include\xstddef
Примечание: включение файла:      C:\Program Files (x86)\Microsoft Visual Studio\2019\Community\VC\Tools\MSVC\14.27.29110\include\cstddef
Примечание: включение файла:       C:\Program Files (x86)\Microsoft Visual Studio\2019\Community\VC\Tools\MSVC\14.27.29110\include\xtr1common
Примечание: включение файла:      C:\Program Files (x86)\Microsoft Visual Studio\2019\Community\VC\Tools\MSVC\14.27.29110\include\cstdlib
Примечание: включение файла:       C:\Program Files (x86)\Windows Kits\10\include\10.0.18362.0\ucrt\math.h
Примечание: включение файла:        C:\Program Files (x86)\Windows Kits\10\include\10.0.18362.0\ucrt\corecrt_math.h
Примечание: включение файла:       C:\Program Files (x86)\Windows Kits\10\include\10.0.18362.0\ucrt\stdlib.h
Примечание: включение файла:        C:\Program Files (x86)\Windows Kits\10\include\10.0.18362.0\ucrt\corecrt_malloc.h
Примечание: включение файла:        C:\Program Files (x86)\Windows Kits\10\include\10.0.18362.0\ucrt\corecrt_search.h
Примечание: включение файла:        C:\Program Files (x86)\Windows Kits\10\include\10.0.18362.0\ucrt\corecrt_wstdlib.h
Примечание: включение файла:        C:\Program Files (x86)\Microsoft Visual Studio\2019\Community\VC\Tools\MSVC\14.27.29110\include\limits.h
Примечание: включение файла:      C:\Program Files (x86)\Microsoft Visual Studio\2019\Community\VC\Tools\MSVC\14.27.29110\include\initializer_list
Примечание: включение файла:  C:\Program Files (x86)\Microsoft Visual Studio\2019\Community\VC\Tools\MSVC\14.27.29110\include\cstdint
[2/2] Linking CXX executable cmTC_7880c.exe


Source file was:
#include <atomic>
#include <cstdint>

int main(int, char **)
{
    volatile std::atomic<char>    size_1;
    volatile std::atomic<short>   size_2;
    volatile std::atomic<int>     size_4;
    volatile std::atomic<int64_t> size_8;

    ++size_1;
    ++size_2;
    ++size_4;
    ++size_8;

    (void)size_1.load(std::memory_order_relaxed);
    (void)size_2.load(std::memory_order_relaxed);
    (void)size_4.load(std::memory_order_relaxed);
    (void)size_8.load(std::memory_order_relaxed);

    return 0;
}
